{
  "RSpec": {
    "coverage": {
      "/home/fido/Escritorio/CursoRubenAdvanced/visionamos_test/app/controllers/empresas_controller.rb": [
        1,
        1,
        null,
        null,
        null,
        1,
        2,
        null,
        null,
        null,
        null,
        1,
        null,
        null,
        null,
        1,
        2,
        null,
        null,
        null,
        1,
        null,
        null,
        null,
        null,
        1,
        4,
        null,
        4,
        4,
        4,
        2,
        null,
        4,
        2,
        null,
        null,
        null,
        null,
        null,
        null,
        1,
        2,
        2,
        4,
        2,
        null,
        0,
        0,
        null,
        null,
        null,
        null,
        null,
        null,
        1,
        0,
        0,
        0,
        0,
        null,
        null,
        null,
        1,
        null,
        1,
        6,
        null,
        null,
        null,
        1,
        6,
        null,
        null
      ],
      "/home/fido/Escritorio/CursoRubenAdvanced/visionamos_test/app/controllers/application_controller.rb": [
        1,
        null,
        null,
        1,
        null
      ],
      "/home/fido/Escritorio/CursoRubenAdvanced/visionamos_test/app/models/empresa.rb": [
        1,
        1,
        null,
        1,
        1,
        null,
        1,
        1,
        1,
        null,
        1,
        0,
        null,
        null
      ],
      "/home/fido/Escritorio/CursoRubenAdvanced/visionamos_test/app/models/concerns/searchable.rb": [
        1,
        1,
        1,
        0,
        null,
        null,
        1,
        0,
        null,
        null,
        1,
        0,
        0,
        null,
        null,
        null,
        1,
        0,
        null,
        null,
        1,
        0,
        null,
        null,
        null,
        1,
        null,
        null,
        null,
        1,
        1,
        1,
        null,
        null
      ],
      "/home/fido/Escritorio/CursoRubenAdvanced/visionamos_test/app/models/ciudad.rb": [
        1,
        1,
        null
      ],
      "/home/fido/Escritorio/CursoRubenAdvanced/visionamos_test/app/models/departamento.rb": [
        1,
        1,
        null
      ]
    },
    "timestamp": 1410613685
  }
}
