{
  "RSpec": {
    "coverage": {
      "/home/fido/Escritorio/CursoRubenAdvanced/visionamos_test/app/models/empresa.rb": [
        1,
        1,
        null,
        1,
        1,
        null,
        1,
        1,
        1,
        null,
        1,
        1,
        null,
        null
      ],
      "/home/fido/Escritorio/CursoRubenAdvanced/visionamos_test/app/models/concerns/searchable.rb": [
        1,
        1,
        1,
        3,
        null,
        null,
        1,
        3,
        null,
        null,
        1,
        3,
        18,
        null,
        null,
        null,
        1,
        3,
        null,
        null,
        1,
        3,
        null,
        null,
        null,
        1,
        null,
        null,
        null,
        1,
        1,
        1,
        null,
        null
      ]
    },
    "timestamp": 1410012581
  }
}
